<?xml version="1.0" encoding="UTF-8"?>
<testng-results ignored="0" total="1" passed="1" failed="0" skipped="0">
  <reporter-output>
  </reporter-output>
  <suite started-at="2024-03-10T12:00:35Z" name="Default suite" finished-at="2024-03-10T12:00:42Z" duration-ms="7394">
    <groups>
    </groups>
    <test started-at="2024-03-10T12:00:35Z" name="Default test" finished-at="2024-03-10T12:00:42Z" duration-ms="7394">
      <class name="selenium.Locators">
        <test-method is-config="true" signature="start()[pri:0, instance:selenium.Locators@21ba0741]" started-at="2024-03-10T18:00:22Z" name="start" finished-at="2024-03-10T18:00:35Z" duration-ms="12765" status="PASS">
          <reporter-output>
          </reporter-output>
        </test-method> <!-- start -->
        <test-method signature="testLocator()[pri:0, instance:selenium.Locators@21ba0741]" started-at="2024-03-10T18:00:35Z" name="testLocator" finished-at="2024-03-10T18:00:42Z" duration-ms="7243" status="PASS">
          <reporter-output>
          </reporter-output>
        </test-method> <!-- testLocator -->
        <test-method is-config="true" signature="close()[pri:0, instance:selenium.Locators@21ba0741]" started-at="2024-03-10T18:00:42Z" name="close" finished-at="2024-03-10T18:00:43Z" duration-ms="1200" status="PASS">
          <reporter-output>
          </reporter-output>
        </test-method> <!-- close -->
      </class> <!-- selenium.Locators -->
    </test> <!-- Default test -->
  </suite> <!-- Default suite -->
</testng-results>
